This is e-upTeX, Version 3.141592653-p4.1.1-u1.30-230214-2.6 (utf8.euc) (TeX Live 2024/MacPorts 2024.70613_0) (preloaded format=platex 2024.10.14)  18 OCT 2024 19:13
entering extended mode
 restricted \write18 enabled.
 %&-line parsing enabled.
**hierarchy_problem.tex
(./hierarchy_problem.tex
pLaTeX2e <2023-02-14>+1, based on
LaTeX2e <2023-11-01> patch level 1
L3 programming layer <2024-02-20>

! LaTeX Error: Missing \begin{document}.

See the LaTeX manual or LaTeX Companion for explanation.
Type  H <return>  for immediate help.
 ...                                              
                                                  
l.9 大
      統一理論や超弦理論を考えた場合, 一般的にエネルギースケールの階層性が問...
 
Here is how much of TeX's memory you used:
 18 strings out of 474774
 502 string characters out of 5760408
 1918032 words of memory out of 5000000
 22480 multiletter control sequences out of 15000+600000
 561940 words of font info for 53 fonts, out of 8000000 for 9000
 929 hyphenation exceptions out of 8191
 15i,0n,23p,138b,18s stack positions out of 10000i,1000n,20000p,200000b,200000s
No pages of output.
